2026-02-18 10:56:51,152 - INFO - Using device: cuda
2026-02-18 10:56:54,421 - INFO - Chronos-2 model loaded.
2026-02-18 10:56:54,422 - INFO - Number of time series: 31
2026-02-18 10:56:54,422 - INFO - 
Processing: Exathlon_10_2_1000000_67
2026-02-18 10:58:35,474 - INFO - Using device: cuda
2026-02-18 10:58:38,634 - INFO - Chronos-2 model loaded.
2026-02-18 10:58:38,634 - INFO - Number of time series: 31
2026-02-18 10:58:38,634 - INFO - 
Processing: Exathlon_10_2_1000000_67
2026-02-18 10:59:21,662 - INFO - Using device: cuda
2026-02-18 10:59:25,168 - INFO - Chronos-2 model loaded.
2026-02-18 10:59:25,168 - INFO - Number of time series: 31
2026-02-18 10:59:25,168 - INFO - 
Processing: Exathlon_10_2_1000000_67
2026-02-18 10:59:30,596 - INFO - Using device: cuda
2026-02-18 10:59:33,667 - INFO - Chronos-2 model loaded.
2026-02-18 10:59:33,668 - INFO - Number of time series: 31
2026-02-18 10:59:33,668 - INFO - 
Processing: Exathlon_10_2_1000000_67
2026-02-18 11:03:59,161 - INFO - AUROC: 0.9284, AUPRC: 0.9520, Best Threshold: 0.013782
2026-02-18 11:03:59,359 - INFO - 
Processing: Exathlon_10_3_1000000_75
2026-02-18 11:26:52,064 - INFO - AUROC: 0.4959, AUPRC: 0.0931, Best Threshold: 0.003056
2026-02-18 11:26:52,405 - INFO - 
Processing: Exathlon_10_4_1000000_79
2026-02-18 11:47:59,364 - INFO - AUROC: 0.5118, AUPRC: 0.1250, Best Threshold: 0.006219
2026-02-18 11:47:59,696 - INFO - 
Processing: Exathlon_1_2_100000_68
2026-02-18 11:49:16,902 - INFO - AUROC: nan, AUPRC: 1.0000, Best Threshold: inf
2026-02-18 11:49:17,039 - INFO - 
Processing: Exathlon_1_4_1000000_80
2026-02-18 12:10:24,009 - INFO - AUROC: 0.5312, AUPRC: 0.1254, Best Threshold: 0.058778
2026-02-18 12:10:24,341 - INFO - 
Processing: Exathlon_1_5_1000000_86
2026-02-18 12:12:01,768 - INFO - AUROC: 0.7037, AUPRC: 0.5184, Best Threshold: 0.172335
2026-02-18 12:12:01,909 - INFO - 
Processing: Exathlon_2_1_100000_60
2026-02-18 12:34:54,555 - INFO - AUROC: 0.9649, AUPRC: 0.4839, Best Threshold: 0.121629
2026-02-18 12:34:54,820 - INFO - 
Processing: Exathlon_2_2_200000_69
2026-02-18 12:35:06,242 - INFO - AUROC: 0.8353, AUPRC: 0.9653, Best Threshold: 0.294660
2026-02-18 12:35:06,385 - INFO - 
Processing: Exathlon_2_5_1000000_87
2026-02-18 12:56:13,876 - INFO - AUROC: 0.8719, AUPRC: 0.0692, Best Threshold: 0.051460
2026-02-18 12:56:14,115 - INFO - 
Processing: Exathlon_2_5_1000000_88
2026-02-18 12:57:51,617 - INFO - AUROC: 0.5851, AUPRC: 0.0662, Best Threshold: 2.362242
2026-02-18 12:57:51,764 - INFO - 
Processing: Exathlon_3_2_500000_70
2026-02-18 12:58:59,334 - INFO - AUROC: 0.9297, AUPRC: 0.9236, Best Threshold: 1.137518
2026-02-18 12:58:59,479 - INFO - 
Processing: Exathlon_3_4_1000000_81
2026-02-18 13:00:54,564 - INFO - AUROC: 0.5648, AUPRC: 0.3547, Best Threshold: 0.197664
2026-02-18 13:00:54,726 - INFO - 
Processing: Exathlon_3_5_1000000_89
2026-02-18 13:03:40,226 - INFO - AUROC: 0.6344, AUPRC: 0.0770, Best Threshold: 0.000551
2026-02-18 13:03:40,381 - INFO - 
Processing: Exathlon_4_1_100000_61
2026-02-18 13:15:38,882 - INFO - AUROC: 0.5638, AUPRC: 0.2092, Best Threshold: 0.089087
2026-02-18 13:15:39,475 - INFO - 
Processing: Exathlon_4_5_1000000_90
2026-02-18 13:17:16,981 - INFO - AUROC: 0.3735, AUPRC: 0.0253, Best Threshold: 0.271397
2026-02-18 13:17:17,126 - INFO - 
Processing: Exathlon_5_1_100000_63
2026-02-18 13:38:23,437 - INFO - AUROC: 0.9882, AUPRC: 0.9265, Best Threshold: 2.247036
2026-02-18 13:38:23,727 - INFO - 
Processing: Exathlon_5_1_100000_64
2026-02-18 14:01:16,712 - INFO - AUROC: 0.9850, AUPRC: 0.7737, Best Threshold: 3.187959
2026-02-18 14:01:16,998 - INFO - 
Processing: Exathlon_5_1_500000_62
2026-02-18 14:24:09,960 - INFO - AUROC: 0.8790, AUPRC: 0.4217, Best Threshold: 0.161580
2026-02-18 14:24:10,290 - INFO - 
Processing: Exathlon_5_2_1000000_72
2026-02-18 14:25:07,789 - INFO - AUROC: 0.7265, AUPRC: 0.8023, Best Threshold: 0.275533
2026-02-18 14:25:07,936 - INFO - 
Processing: Exathlon_5_4_1000000_82
2026-02-18 14:27:03,185 - INFO - AUROC: 0.5994, AUPRC: 0.3255, Best Threshold: 0.001231
2026-02-18 14:27:03,347 - INFO - 
Processing: Exathlon_5_5_1000000_91
2026-02-18 14:49:52,109 - INFO - AUROC: 0.6685, AUPRC: 0.1778, Best Threshold: 63.095625
2026-02-18 14:49:52,397 - INFO - 
Processing: Exathlon_6_1_500000_65
2026-02-18 15:08:10,878 - INFO - Using device: cuda
2026-02-18 15:13:24,823 - INFO - AUROC: 0.7654, AUPRC: 0.2882, Best Threshold: 0.059474
2026-02-18 15:13:25,188 - INFO - 
Processing: Exathlon_6_3_200000_76
2026-02-18 16:04:04,856 - INFO - AUROC: 0.2712, AUPRC: 0.0930, Best Threshold: 0.135326
2026-02-18 16:04:05,205 - INFO - 
Processing: Exathlon_8_3_200000_73
2026-02-18 16:54:43,844 - INFO - AUROC: 0.2454, AUPRC: 0.0587, Best Threshold: inf
2026-02-18 16:54:44,189 - INFO - 
Processing: Exathlon_8_4_1000000_77
2026-02-18 17:41:27,887 - INFO - AUROC: 0.6137, AUPRC: 0.1976, Best Threshold: 0.119724
2026-02-18 17:41:28,233 - INFO - 
Processing: Exathlon_8_5_1000000_83
2026-02-18 17:47:34,299 - INFO - AUROC: 0.8114, AUPRC: 0.0609, Best Threshold: 0.148088
2026-02-18 17:47:34,455 - INFO - 
Processing: Exathlon_9_2_1000000_66
2026-02-18 17:49:31,863 - INFO - AUROC: 0.9659, AUPRC: 0.9849, Best Threshold: 442828.847256
2026-02-18 17:49:32,033 - INFO - 
Processing: Exathlon_9_3_500000_74
2026-02-18 18:40:10,607 - INFO - AUROC: 0.4480, AUPRC: 0.0693, Best Threshold: 0.049643
2026-02-18 18:40:10,947 - INFO - 
Processing: Exathlon_9_4_1000000_78
2026-02-18 19:26:56,628 - INFO - AUROC: 0.5840, AUPRC: 0.1864, Best Threshold: 0.109939
2026-02-18 19:26:56,963 - INFO - 
Processing: Exathlon_9_5_1000000_84
2026-02-18 19:33:03,343 - INFO - AUROC: 0.5010, AUPRC: 0.0245, Best Threshold: 0.473900
2026-02-18 19:33:03,685 - INFO - 
Processing: combined
