2026-02-18 00:57:44,099 - INFO - Using device: cuda
2026-02-18 00:57:47,484 - INFO - Chronos-2 model loaded.
2026-02-18 00:58:05,802 - INFO - Using device: cuda
2026-02-18 00:58:09,275 - INFO - Chronos-2 model loaded.
2026-02-18 00:58:09,276 - INFO - Number of time series: 31
2026-02-18 00:58:09,276 - INFO - 
Processing: Exathlon_10_2_1000000_67
2026-02-18 00:59:01,072 - INFO - Using device: cuda
2026-02-18 00:59:04,518 - INFO - Chronos-2 model loaded.
2026-02-18 00:59:04,518 - INFO - Number of time series: 31
2026-02-18 00:59:04,518 - INFO - 
Processing: Exathlon_10_2_1000000_67
2026-02-18 01:02:35,856 - INFO - Using device: cuda
2026-02-18 01:05:25,311 - INFO - AUROC: 0.9284, AUPRC: 0.9520, Best Threshold: 0.013782
2026-02-18 01:05:25,553 - INFO - 
Processing: Exathlon_10_3_1000000_75
2026-02-18 01:56:09,767 - INFO - AUROC: 0.4959, AUPRC: 0.0931, Best Threshold: 0.003056
2026-02-18 01:56:10,153 - INFO - 
Processing: Exathlon_10_4_1000000_79
2026-02-18 02:42:59,234 - INFO - AUROC: 0.5118, AUPRC: 0.1250, Best Threshold: 0.006219
2026-02-18 02:42:59,634 - INFO - 
Processing: Exathlon_1_2_100000_68
2026-02-18 02:45:50,852 - INFO - AUROC: nan, AUPRC: 1.0000, Best Threshold: inf
2026-02-18 02:45:50,993 - INFO - 
Processing: Exathlon_1_4_1000000_80
2026-02-18 03:32:40,212 - INFO - AUROC: 0.5312, AUPRC: 0.1254, Best Threshold: 0.058778
2026-02-18 03:32:40,611 - INFO - 
Processing: Exathlon_1_5_1000000_86
2026-02-18 03:36:16,690 - INFO - AUROC: 0.7037, AUPRC: 0.5184, Best Threshold: 0.172335
2026-02-18 03:36:16,836 - INFO - 
Processing: Exathlon_2_1_100000_60
2026-02-18 04:27:01,951 - INFO - AUROC: 0.9649, AUPRC: 0.4839, Best Threshold: 0.121629
2026-02-18 04:27:02,222 - INFO - 
Processing: Exathlon_2_2_200000_69
2026-02-18 04:27:27,167 - INFO - AUROC: 0.8353, AUPRC: 0.9653, Best Threshold: 0.294660
2026-02-18 04:27:27,316 - INFO - 
Processing: Exathlon_2_5_1000000_87
2026-02-18 05:08:36,895 - INFO - AUROC: 0.8719, AUPRC: 0.0692, Best Threshold: 0.051460
2026-02-18 05:08:37,134 - INFO - 
Processing: Exathlon_2_5_1000000_88
2026-02-18 05:10:14,618 - INFO - AUROC: 0.5851, AUPRC: 0.0662, Best Threshold: 2.362242
2026-02-18 05:10:14,764 - INFO - 
Processing: Exathlon_3_2_500000_70
2026-02-18 05:11:22,322 - INFO - AUROC: 0.9297, AUPRC: 0.9236, Best Threshold: 1.137518
2026-02-18 05:11:22,467 - INFO - 
Processing: Exathlon_3_4_1000000_81
2026-02-18 05:13:17,527 - INFO - AUROC: 0.5648, AUPRC: 0.3547, Best Threshold: 0.197664
2026-02-18 05:13:17,690 - INFO - 
Processing: Exathlon_3_5_1000000_89
2026-02-18 05:16:03,161 - INFO - AUROC: 0.6344, AUPRC: 0.0770, Best Threshold: 0.000551
2026-02-18 05:16:03,317 - INFO - 
Processing: Exathlon_4_1_100000_61
2026-02-18 05:28:01,617 - INFO - AUROC: 0.5638, AUPRC: 0.2092, Best Threshold: 0.089087
2026-02-18 05:28:02,209 - INFO - 
Processing: Exathlon_4_5_1000000_90
2026-02-18 05:29:39,704 - INFO - AUROC: 0.3735, AUPRC: 0.0253, Best Threshold: 0.271397
2026-02-18 05:29:39,851 - INFO - 
Processing: Exathlon_5_1_100000_63
2026-02-18 05:50:45,908 - INFO - AUROC: 0.9882, AUPRC: 0.9265, Best Threshold: 2.247036
2026-02-18 05:50:46,198 - INFO - 
Processing: Exathlon_5_1_100000_64
2026-02-18 06:13:38,926 - INFO - AUROC: 0.9850, AUPRC: 0.7737, Best Threshold: 3.187959
2026-02-18 06:13:39,212 - INFO - 
Processing: Exathlon_5_1_500000_62
2026-02-18 06:36:31,774 - INFO - AUROC: 0.8790, AUPRC: 0.4217, Best Threshold: 0.161580
2026-02-18 06:36:32,101 - INFO - 
Processing: Exathlon_5_2_1000000_72
2026-02-18 06:37:29,566 - INFO - AUROC: 0.7265, AUPRC: 0.8023, Best Threshold: 0.275533
2026-02-18 06:37:29,712 - INFO - 
Processing: Exathlon_5_4_1000000_82
2026-02-18 06:39:24,884 - INFO - AUROC: 0.5994, AUPRC: 0.3255, Best Threshold: 0.001231
2026-02-18 06:39:25,047 - INFO - 
Processing: Exathlon_5_5_1000000_91
2026-02-18 07:00:31,396 - INFO - AUROC: 0.6685, AUPRC: 0.1778, Best Threshold: 63.095625
2026-02-18 07:00:31,682 - INFO - 
Processing: Exathlon_6_1_500000_65
2026-02-18 07:23:23,896 - INFO - AUROC: 0.7654, AUPRC: 0.2882, Best Threshold: 0.059474
2026-02-18 07:23:24,230 - INFO - 
Processing: Exathlon_6_3_200000_76
2026-02-18 07:46:16,810 - INFO - AUROC: 0.2712, AUPRC: 0.0930, Best Threshold: 0.135326
2026-02-18 07:46:17,144 - INFO - 
Processing: Exathlon_8_3_200000_73
2026-02-18 08:09:09,127 - INFO - AUROC: 0.2454, AUPRC: 0.0587, Best Threshold: inf
2026-02-18 08:09:09,462 - INFO - 
Processing: Exathlon_8_4_1000000_77
2026-02-18 08:30:15,880 - INFO - AUROC: 0.6137, AUPRC: 0.1976, Best Threshold: 0.119724
2026-02-18 08:30:16,212 - INFO - 
Processing: Exathlon_8_5_1000000_83
2026-02-18 08:33:01,507 - INFO - AUROC: 0.8114, AUPRC: 0.0609, Best Threshold: 0.148088
2026-02-18 08:33:01,661 - INFO - 
Processing: Exathlon_9_2_1000000_66
2026-02-18 08:33:54,847 - INFO - AUROC: 0.9659, AUPRC: 0.9849, Best Threshold: 442828.847256
2026-02-18 08:33:55,016 - INFO - 
Processing: Exathlon_9_3_500000_74
2026-02-18 08:56:47,246 - INFO - AUROC: 0.4480, AUPRC: 0.0693, Best Threshold: 0.049643
2026-02-18 08:56:47,578 - INFO - 
Processing: Exathlon_9_4_1000000_78
2026-02-18 09:17:54,795 - INFO - AUROC: 0.5840, AUPRC: 0.1864, Best Threshold: 0.109939
2026-02-18 09:17:55,124 - INFO - 
Processing: Exathlon_9_5_1000000_84
2026-02-18 09:20:40,679 - INFO - AUROC: 0.5010, AUPRC: 0.0245, Best Threshold: 0.473900
2026-02-18 09:20:41,005 - INFO - 
Processing: combined
