2026-02-17 15:40:54,541 - INFO - Using device: cuda
2026-02-17 15:40:57,662 - INFO - Chronos-2 model loaded.
2026-02-17 15:40:57,662 - INFO - Number of time series: 31
2026-02-17 15:40:57,662 - INFO - 
Processing: Exathlon_10_2_1000000_67
2026-02-17 15:45:23,045 - INFO - AUROC: 0.9284, AUPRC: 0.9520, Best Threshold: 0.013782
2026-02-17 15:45:23,245 - INFO - 
Processing: Exathlon_10_3_1000000_75
2026-02-17 16:08:15,418 - INFO - AUROC: 0.4959, AUPRC: 0.0931, Best Threshold: 0.003056
2026-02-17 16:08:15,762 - INFO - 
Processing: Exathlon_10_4_1000000_79
2026-02-17 16:29:22,132 - INFO - AUROC: 0.5118, AUPRC: 0.1250, Best Threshold: 0.006219
2026-02-17 16:29:22,465 - INFO - 
Processing: Exathlon_1_2_100000_68
2026-02-17 16:30:39,629 - INFO - AUROC: nan, AUPRC: 1.0000, Best Threshold: inf
2026-02-17 16:30:39,767 - INFO - 
Processing: Exathlon_1_4_1000000_80
2026-02-17 16:51:46,150 - INFO - AUROC: 0.5312, AUPRC: 0.1254, Best Threshold: 0.058778
2026-02-17 16:51:46,488 - INFO - 
Processing: Exathlon_1_5_1000000_86
2026-02-17 16:53:23,879 - INFO - AUROC: 0.7037, AUPRC: 0.5184, Best Threshold: 0.172335
2026-02-17 16:53:24,022 - INFO - 
Processing: Exathlon_2_1_100000_60
2026-02-17 17:16:16,093 - INFO - AUROC: 0.9649, AUPRC: 0.4839, Best Threshold: 0.121629
2026-02-17 17:16:16,358 - INFO - 
Processing: Exathlon_2_2_200000_69
2026-02-17 17:16:27,778 - INFO - AUROC: 0.8353, AUPRC: 0.9653, Best Threshold: 0.294660
2026-02-17 17:16:27,922 - INFO - 
Processing: Exathlon_2_5_1000000_87
2026-02-17 17:37:34,889 - INFO - AUROC: 0.8719, AUPRC: 0.0692, Best Threshold: 0.051460
2026-02-17 17:37:35,129 - INFO - 
Processing: Exathlon_2_5_1000000_88
2026-02-17 17:39:12,599 - INFO - AUROC: 0.5851, AUPRC: 0.0662, Best Threshold: 2.362242
2026-02-17 17:39:12,747 - INFO - 
Processing: Exathlon_3_2_500000_70
2026-02-17 17:40:20,294 - INFO - AUROC: 0.9297, AUPRC: 0.9236, Best Threshold: 1.137518
2026-02-17 17:40:20,440 - INFO - 
Processing: Exathlon_3_4_1000000_81
2026-02-17 17:42:15,478 - INFO - AUROC: 0.5648, AUPRC: 0.3547, Best Threshold: 0.197664
2026-02-17 17:42:15,644 - INFO - 
Processing: Exathlon_3_5_1000000_89
2026-02-17 17:45:01,072 - INFO - AUROC: 0.6344, AUPRC: 0.0770, Best Threshold: 0.000551
2026-02-17 17:45:01,230 - INFO - 
Processing: Exathlon_4_1_100000_61
2026-02-17 17:56:59,552 - INFO - AUROC: 0.5638, AUPRC: 0.2092, Best Threshold: 0.089087
2026-02-17 17:57:00,156 - INFO - 
Processing: Exathlon_4_5_1000000_90
2026-02-17 17:58:37,622 - INFO - AUROC: 0.3735, AUPRC: 0.0253, Best Threshold: 0.271397
2026-02-17 17:58:37,769 - INFO - 
Processing: Exathlon_5_1_100000_63
2026-02-17 18:19:43,547 - INFO - AUROC: 0.9882, AUPRC: 0.9265, Best Threshold: 2.247036
2026-02-17 18:19:43,847 - INFO - 
Processing: Exathlon_5_1_100000_64
2026-02-17 18:42:36,283 - INFO - AUROC: 0.9850, AUPRC: 0.7737, Best Threshold: 3.187959
2026-02-17 18:42:36,569 - INFO - 
Processing: Exathlon_5_1_500000_62
2026-02-17 19:05:28,798 - INFO - AUROC: 0.8790, AUPRC: 0.4217, Best Threshold: 0.161580
2026-02-17 19:05:29,129 - INFO - 
Processing: Exathlon_5_2_1000000_72
2026-02-17 19:06:26,585 - INFO - AUROC: 0.7265, AUPRC: 0.8023, Best Threshold: 0.275533
2026-02-17 19:06:26,731 - INFO - 
Processing: Exathlon_5_4_1000000_82
2026-02-17 19:08:21,880 - INFO - AUROC: 0.5994, AUPRC: 0.3255, Best Threshold: 0.001231
2026-02-17 19:08:22,045 - INFO - 
Processing: Exathlon_5_5_1000000_91
2026-02-17 19:29:35,031 - INFO - AUROC: 0.6685, AUPRC: 0.1778, Best Threshold: 63.095625
2026-02-17 19:29:35,321 - INFO - 
Processing: Exathlon_6_1_500000_65
2026-02-17 19:52:27,778 - INFO - AUROC: 0.7654, AUPRC: 0.2882, Best Threshold: 0.059474
2026-02-17 19:52:28,115 - INFO - 
Processing: Exathlon_6_3_200000_76
2026-02-17 20:15:20,918 - INFO - AUROC: 0.2712, AUPRC: 0.0930, Best Threshold: 0.135326
2026-02-17 20:15:21,254 - INFO - 
Processing: Exathlon_8_3_200000_73
2026-02-17 20:38:13,455 - INFO - AUROC: 0.2454, AUPRC: 0.0587, Best Threshold: inf
2026-02-17 20:38:13,794 - INFO - 
Processing: Exathlon_8_4_1000000_77
2026-02-17 20:59:20,425 - INFO - AUROC: 0.6137, AUPRC: 0.1976, Best Threshold: 0.119724
2026-02-17 20:59:20,762 - INFO - 
Processing: Exathlon_8_5_1000000_83
2026-02-17 21:02:06,085 - INFO - AUROC: 0.8114, AUPRC: 0.0609, Best Threshold: 0.148088
2026-02-17 21:02:06,236 - INFO - 
Processing: Exathlon_9_2_1000000_66
2026-02-17 21:02:59,452 - INFO - AUROC: 0.9659, AUPRC: 0.9849, Best Threshold: 442828.847256
2026-02-17 21:02:59,621 - INFO - 
Processing: Exathlon_9_3_500000_74
2026-02-17 21:25:52,061 - INFO - AUROC: 0.4480, AUPRC: 0.0693, Best Threshold: 0.049643
2026-02-17 21:25:52,397 - INFO - 
Processing: Exathlon_9_4_1000000_78
2026-02-17 21:46:59,782 - INFO - AUROC: 0.5840, AUPRC: 0.1864, Best Threshold: 0.109939
2026-02-17 21:47:00,113 - INFO - 
Processing: Exathlon_9_5_1000000_84
2026-02-17 21:49:45,693 - INFO - AUROC: 0.5010, AUPRC: 0.0245, Best Threshold: 0.473900
2026-02-17 21:49:46,021 - INFO - 
Processing: combined
