2026-02-18 15:12:08,883 - INFO - Using device: cuda
2026-02-18 15:12:12,468 - INFO - Chronos-2 model loaded.
2026-02-18 15:12:12,468 - INFO - Number of time series: 31
2026-02-18 15:12:12,468 - INFO - 
Processing: Exathlon_10_2_1000000_67
2026-02-18 15:22:05,526 - INFO - AUROC: 0.9046, AUPRC: 0.9362, Best Threshold: 0.008235
2026-02-18 15:22:05,900 - INFO - 
Processing: Exathlon_10_3_1000000_75
2026-02-18 16:12:56,423 - INFO - AUROC: 0.4888, AUPRC: 0.0942, Best Threshold: 0.005346
2026-02-18 16:12:56,782 - INFO - 
Processing: Exathlon_10_4_1000000_79
2026-02-18 16:59:52,528 - INFO - AUROC: 0.5909, AUPRC: 0.1432, Best Threshold: 0.004106
2026-02-18 16:59:52,894 - INFO - 
Processing: Exathlon_1_2_100000_68
2026-02-18 17:02:45,205 - INFO - AUROC: nan, AUPRC: 1.0000, Best Threshold: inf
2026-02-18 17:02:45,345 - INFO - 
Processing: Exathlon_1_4_1000000_80
2026-02-18 17:49:39,527 - INFO - AUROC: 0.4997, AUPRC: 0.1181, Best Threshold: 0.088069
2026-02-18 17:49:39,877 - INFO - 
Processing: Exathlon_1_5_1000000_86
2026-02-18 17:53:17,128 - INFO - AUROC: 0.4802, AUPRC: 0.1880, Best Threshold: 0.324388
2026-02-18 17:53:17,272 - INFO - 
Processing: Exathlon_2_1_100000_60
2026-02-18 18:44:07,777 - INFO - AUROC: 0.7877, AUPRC: 0.4911, Best Threshold: 0.156094
2026-02-18 18:44:08,107 - INFO - 
Processing: Exathlon_2_2_200000_69
2026-02-18 18:44:33,264 - INFO - AUROC: 0.6714, AUPRC: 0.9168, Best Threshold: 0.346442
2026-02-18 18:44:33,422 - INFO - 
Processing: Exathlon_2_5_1000000_87
2026-02-18 19:31:29,920 - INFO - AUROC: 0.7936, AUPRC: 0.0023, Best Threshold: 0.031030
2026-02-18 19:31:30,171 - INFO - 
Processing: Exathlon_2_5_1000000_88
2026-02-18 19:33:59,308 - INFO - AUROC: 0.5993, AUPRC: 0.0401, Best Threshold: 0.006170
2026-02-18 19:33:59,453 - INFO - 
Processing: Exathlon_3_2_500000_70
2026-02-18 19:35:07,423 - INFO - AUROC: 0.9603, AUPRC: 0.9447, Best Threshold: 0.112946
2026-02-18 19:35:07,568 - INFO - 
Processing: Exathlon_3_4_1000000_81
2026-02-18 19:37:03,127 - INFO - AUROC: 0.5866, AUPRC: 0.2616, Best Threshold: 0.061398
2026-02-18 19:37:03,287 - INFO - 
Processing: Exathlon_3_5_1000000_89
2026-02-18 19:39:49,315 - INFO - AUROC: 0.6187, AUPRC: 0.0513, Best Threshold: 0.000179
2026-02-18 19:39:49,469 - INFO - 
Processing: Exathlon_4_1_100000_61
2026-02-18 19:51:26,834 - INFO - AUROC: 0.5540, AUPRC: 0.1834, Best Threshold: 0.005224
2026-02-18 19:51:27,429 - INFO - 
Processing: Exathlon_4_5_1000000_90
2026-02-18 19:53:05,376 - INFO - AUROC: 0.2866, AUPRC: 0.0178, Best Threshold: 2.667223
2026-02-18 19:53:05,522 - INFO - 
Processing: Exathlon_5_1_100000_63
2026-02-18 20:14:13,673 - INFO - AUROC: 0.9870, AUPRC: 0.9212, Best Threshold: 1.017197
2026-02-18 20:14:13,947 - INFO - 
Processing: Exathlon_5_1_100000_64
2026-02-18 20:37:08,699 - INFO - AUROC: 0.9492, AUPRC: 0.5664, Best Threshold: 0.377896
2026-02-18 20:37:09,006 - INFO - 
Processing: Exathlon_5_1_500000_62
2026-02-18 21:00:03,805 - INFO - AUROC: 0.7913, AUPRC: 0.3106, Best Threshold: 0.043311
2026-02-18 21:00:04,149 - INFO - 
Processing: Exathlon_5_2_1000000_72
2026-02-18 21:01:02,352 - INFO - AUROC: 0.6236, AUPRC: 0.6703, Best Threshold: 0.032802
2026-02-18 21:01:02,497 - INFO - 
Processing: Exathlon_5_4_1000000_82
2026-02-18 21:02:58,173 - INFO - AUROC: 0.5971, AUPRC: 0.3298, Best Threshold: 0.000191
2026-02-18 21:02:58,338 - INFO - 
Processing: Exathlon_5_5_1000000_91
2026-02-18 21:24:06,754 - INFO - AUROC: 0.0133, AUPRC: 0.0001, Best Threshold: 0.000000
2026-02-18 21:24:06,942 - INFO - 
Processing: Exathlon_6_1_500000_65
2026-02-18 21:47:01,418 - INFO - AUROC: 0.7299, AUPRC: 0.1758, Best Threshold: 0.018020
2026-02-18 21:47:01,755 - INFO - 
Processing: Exathlon_6_3_200000_76
2026-02-18 22:09:56,369 - INFO - AUROC: 0.2987, AUPRC: 0.0745, Best Threshold: 0.218001
2026-02-18 22:09:56,710 - INFO - 
Processing: Exathlon_8_3_200000_73
2026-02-18 22:32:50,949 - INFO - AUROC: 0.2629, AUPRC: 0.0604, Best Threshold: 0.000001
2026-02-18 22:32:51,286 - INFO - 
Processing: Exathlon_8_4_1000000_77
2026-02-18 22:53:59,811 - INFO - AUROC: 0.5476, AUPRC: 0.1404, Best Threshold: 0.070120
2026-02-18 22:54:00,144 - INFO - 
Processing: Exathlon_8_5_1000000_83
2026-02-18 22:56:45,988 - INFO - AUROC: 0.7967, AUPRC: 0.0449, Best Threshold: 0.001991
2026-02-18 22:56:46,140 - INFO - 
Processing: Exathlon_9_2_1000000_66
2026-02-18 22:57:37,881 - INFO - AUROC: 0.9660, AUPRC: 0.9844, Best Threshold: 21.018973
2026-02-18 22:57:38,049 - INFO - 
Processing: Exathlon_9_3_500000_74
2026-02-18 23:20:32,483 - INFO - AUROC: 0.4685, AUPRC: 0.0752, Best Threshold: 0.002037
2026-02-18 23:20:32,818 - INFO - 
Processing: Exathlon_9_4_1000000_78
2026-02-18 23:41:42,124 - INFO - AUROC: 0.5998, AUPRC: 0.1601, Best Threshold: 0.000927
2026-02-18 23:41:42,459 - INFO - 
Processing: Exathlon_9_5_1000000_84
2026-02-18 23:44:28,579 - INFO - AUROC: 0.5787, AUPRC: 0.0335, Best Threshold: 0.032110
2026-02-18 23:44:28,733 - INFO - 
Processing: combined
