2026-02-18 01:02:51,990 - INFO - Using device: cuda
2026-02-18 01:02:55,249 - INFO - Chronos-2 model loaded.
2026-02-18 01:02:55,250 - INFO - Number of time series: 26
2026-02-18 01:02:55,250 - INFO - 
Processing: MSL_C-1
2026-02-18 01:10:23,665 - INFO - AUROC: 0.6099, AUPRC: 0.2181, Best Threshold: 0.000571
2026-02-18 01:10:23,979 - INFO - 
Processing: MSL_C-2
2026-02-18 01:17:00,499 - INFO - AUROC: 0.6734, AUPRC: 0.1090, Best Threshold: 0.000003
2026-02-18 01:17:00,647 - INFO - 
Processing: MSL_D-14
2026-02-18 01:25:44,771 - INFO - AUROC: 0.3540, AUPRC: 0.0831, Best Threshold: 5.096334
2026-02-18 01:25:44,921 - INFO - 
Processing: MSL_D-15
2026-02-18 01:32:49,735 - INFO - AUROC: 0.5973, AUPRC: 0.3838, Best Threshold: 0.020650
2026-02-18 01:32:49,885 - INFO - 
Processing: MSL_D-16
2026-02-18 01:40:02,163 - INFO - AUROC: 0.6046, AUPRC: 0.4262, Best Threshold: 0.244393
2026-02-18 01:40:02,316 - INFO - 
Processing: MSL_F-4
2026-02-18 01:51:50,826 - INFO - AUROC: 0.7309, AUPRC: 0.0742, Best Threshold: 0.000163
2026-02-18 01:51:50,989 - INFO - 
Processing: MSL_F-5
2026-02-18 02:05:31,120 - INFO - AUROC: 0.6518, AUPRC: 0.0566, Best Threshold: 0.000061
2026-02-18 02:05:31,278 - INFO - 
Processing: MSL_F-7
2026-02-18 02:23:26,158 - INFO - AUROC: 0.4334, AUPRC: 0.0715, Best Threshold: 0.011160
2026-02-18 02:23:26,318 - INFO - 
Processing: MSL_F-8
2026-02-18 02:31:44,984 - INFO - AUROC: 0.6020, AUPRC: 0.3627, Best Threshold: 0.656706
2026-02-18 02:31:45,134 - INFO - 
Processing: MSL_M-1
2026-02-18 02:39:16,692 - INFO - AUROC: 0.4972, AUPRC: 0.5676, Best Threshold: 0.369499
2026-02-18 02:39:16,840 - INFO - 
Processing: MSL_M-2
2026-02-18 02:46:47,563 - INFO - AUROC: 0.5905, AUPRC: 0.6237, Best Threshold: 0.145666
2026-02-18 02:46:47,714 - INFO - 
Processing: MSL_M-3
2026-02-18 02:53:45,637 - INFO - AUROC: 0.3772, AUPRC: 0.1186, Best Threshold: 0.340820
2026-02-18 02:53:45,784 - INFO - 
Processing: MSL_M-4
2026-02-18 03:00:23,704 - INFO - AUROC: 0.3468, AUPRC: 0.1154, Best Threshold: 0.702862
2026-02-18 03:00:23,878 - INFO - 
Processing: MSL_M-5
2026-02-18 03:08:01,303 - INFO - AUROC: 0.4983, AUPRC: 0.1772, Best Threshold: 0.487968
2026-02-18 03:08:01,449 - INFO - 
Processing: MSL_M-6
2026-02-18 03:14:37,592 - INFO - AUROC: 0.5040, AUPRC: 0.1139, Best Threshold: 0.437995
2026-02-18 03:14:37,737 - INFO - 
Processing: MSL_M-7
2026-02-18 03:21:42,178 - INFO - AUROC: 0.7139, AUPRC: 0.3322, Best Threshold: 0.115561
2026-02-18 03:21:42,319 - INFO - 
Processing: MSL_P-10
2026-02-18 03:43:30,962 - INFO - AUROC: 0.9439, AUPRC: 0.5861, Best Threshold: 1.113694
2026-02-18 03:43:31,122 - INFO - 
Processing: MSL_P-11
2026-02-18 03:55:45,005 - INFO - AUROC: 0.6186, AUPRC: 0.0836, Best Threshold: 0.005916
2026-02-18 03:55:45,191 - INFO - 
Processing: MSL_P-14
2026-02-18 04:17:35,989 - INFO - AUROC: 0.8636, AUPRC: 0.5138, Best Threshold: 123.055977
2026-02-18 04:17:36,152 - INFO - 
Processing: MSL_P-15
2026-02-18 04:27:17,230 - INFO - AUROC: 0.8226, AUPRC: 0.4216, Best Threshold: 0.018632
2026-02-18 04:27:17,373 - INFO - 
Processing: MSL_S-2
2026-02-18 04:33:03,643 - INFO - AUROC: 0.6842, AUPRC: 0.0144, Best Threshold: 0.494471
2026-02-18 04:33:03,785 - INFO - 
Processing: MSL_T-12
2026-02-18 04:41:09,675 - INFO - AUROC: 0.7884, AUPRC: 0.2237, Best Threshold: 0.000006
2026-02-18 04:41:09,820 - INFO - 
Processing: MSL_T-13
2026-02-18 04:44:43,070 - INFO - AUROC: 0.8481, AUPRC: 0.4441, Best Threshold: 0.000005
2026-02-18 04:44:43,441 - INFO - 
Processing: MSL_T-4
2026-02-18 04:52:01,532 - INFO - AUROC: 0.4635, AUPRC: 0.0353, Best Threshold: 0.043204
2026-02-18 04:52:01,677 - INFO - 
Processing: MSL_T-5
2026-02-18 04:59:15,362 - INFO - AUROC: 0.6158, AUPRC: 0.0195, Best Threshold: 0.082000
2026-02-18 04:59:15,504 - INFO - 
Processing: MSL_T-8
2026-02-18 05:03:56,931 - INFO - AUROC: 0.4415, AUPRC: 0.0679, Best Threshold: 0.489537
2026-02-18 05:03:57,072 - INFO - Saved per-series summary to /home/paramjeet/times-fm/experiments/chronos/MSL_chronos_31_ts/MSL_summary.csv
2026-02-18 05:03:57,073 - INFO - Saved mean metrics to /home/paramjeet/times-fm/experiments/chronos/MSL_chronos_31_ts/MSL_mean_metrics.csv
